2024-07-07 17:21:11.659 [info] (Client) Pylance async client (2024.6.1) started with python extension (2024.8.1)
2024-07-07 17:21:12.802 [info] [Info  - 5:21:12 PM] (4388) Pylance language server 2024.6.1 (pyright version 1.1.364, commit 0618acc5) starting
2024-07-07 17:21:12.802 [info] [Info  - 5:21:12 PM] (4388) Server root directory: file:///home/azureuser/.vscode-server/extensions/ms-python.vscode-pylance-2024.6.1/dist
2024-07-07 17:21:12.896 [info] [Info  - 5:21:12 PM] (4388) Starting service instance "azureuser"
2024-07-07 17:21:12.988 [info] Auto-Indent enabled
2024-07-07 17:21:13.023 [info] Auto-Indent enabled
2024-07-07 17:21:13.024 [info] [Info  - 5:21:13 PM] (4388) Setting pythonPath for service "azureuser": "/bin/python3"
2024-07-07 17:21:13.025 [info] [Info  - 5:21:13 PM] (4388) Setting environmentName for service "azureuser": "3.8.10 (global)"
2024-07-07 17:21:13.089 [info] [Info  - 5:21:13 PM] (4388) Assuming Python version 3.8.10.final.0
2024-07-07 17:21:13.198 [info] [Info  - 5:21:13 PM] (4388) Auto-excluding /home/azureuser/airflow/env
2024-07-07 17:21:18.217 [info] [Info  - 5:21:18 PM] (4388) Found 19 source files
2024-07-07 17:21:18.224 [info] Auto-Indent enabled
2024-07-07 17:21:18.267 [info] [Info  - 5:21:18 PM] (4388) Background analysis(1) root directory: file:///home/azureuser/.vscode-server/extensions/ms-python.vscode-pylance-2024.6.1/dist
2024-07-07 17:21:18.267 [info] [Info  - 5:21:18 PM] (4388) Background analysis(1) started
2024-07-07 17:21:19.497 [info] [Info  - 5:21:19 PM] (4388) Indexer background runner(2) root directory: file:///home/azureuser/.vscode-server/extensions/ms-python.vscode-pylance-2024.6.1/dist (index)
2024-07-07 17:21:19.498 [info] [Info  - 5:21:19 PM] (4388) Indexing(2) started
2024-07-07 17:21:21.028 [info] [Info  - 5:21:21 PM] (4388) scanned(2) 277 files over 1 exec env
2024-07-07 17:21:22.000 [info] [Info  - 5:21:22 PM] (4388) indexed(2) 193 files over 1 exec env
2024-07-07 17:21:22.185 [info] [Info  - 5:21:22 PM] (4388) Indexing finished(2).
2024-07-07 17:21:23.124 [info] [Info  - 5:21:23 PM] (4388) [BG(1)] Long operation: checking: file:///home/azureuser/carga_de_datos/mPrediccionMonthly.py (3996ms)
2024-07-07 17:21:23.125 [info] [Info  - 5:21:23 PM] (4388) [BG(1)] Long operation: analyzing: file:///home/azureuser/carga_de_datos/mPrediccionMonthly.py (4812ms)
