2024-07-05 07:32:16.490 [info] (Client) Pylance async client (2024.6.1) started with python extension (2024.8.1)
2024-07-05 07:32:17.172 [info] [Info  - 7:32:16 AM] (2311) Pylance language server 2024.6.1 (pyright version 1.1.364, commit 0618acc5) starting
2024-07-05 07:32:17.173 [info] [Info  - 7:32:17 AM] (2311) Server root directory: file:///home/azureuser/.vscode-server/extensions/ms-python.vscode-pylance-2024.6.1/dist
2024-07-05 07:32:17.173 [info] [Info  - 7:32:17 AM] (2311) Starting service instance "azureuser"
2024-07-05 07:32:17.214 [info] Auto-Indent enabled
2024-07-05 07:32:17.248 [info] Auto-Indent enabled
2024-07-05 07:32:17.248 [info] [Info  - 7:32:17 AM] (2311) Setting pythonPath for service "azureuser": "/bin/python3"
2024-07-05 07:32:17.248 [info] [Info  - 7:32:17 AM] (2311) Setting environmentName for service "azureuser": "3.8.10 (global)"
2024-07-05 07:32:17.303 [info] [Info  - 7:32:17 AM] (2311) Assuming Python version 3.8.10.final.0
2024-07-05 07:32:17.529 [info] [Info  - 7:32:17 AM] (2311) Auto-excluding /home/azureuser/airflow/env
2024-07-05 07:32:22.549 [info] [Info  - 7:32:22 AM] (2311) Found 19 source files
2024-07-05 07:32:22.553 [info] Auto-Indent enabled
2024-07-05 07:32:22.588 [info] [Info  - 7:32:22 AM] (2311) Background analysis(1) root directory: file:///home/azureuser/.vscode-server/extensions/ms-python.vscode-pylance-2024.6.1/dist
2024-07-05 07:32:22.588 [info] [Info  - 7:32:22 AM] (2311) Background analysis(1) started
2024-07-05 07:32:23.896 [info] [Info  - 7:32:23 AM] (2311) Indexer background runner(2) root directory: file:///home/azureuser/.vscode-server/extensions/ms-python.vscode-pylance-2024.6.1/dist (index)
2024-07-05 07:32:23.897 [info] [Info  - 7:32:23 AM] (2311) Indexing(2) started
2024-07-05 07:32:25.600 [info] [Info  - 7:32:25 AM] (2311) scanned(2) 277 files over 1 exec env
2024-07-05 07:32:26.497 [info] [Info  - 7:32:26 AM] (2311) indexed(2) 193 files over 1 exec env
2024-07-05 07:32:26.693 [info] [Info  - 7:32:26 AM] (2311) Indexing finished(2).
2024-07-05 07:32:27.581 [info] [Info  - 7:32:27 AM] (2311) [BG(1)] Long operation: checking: file:///home/azureuser/carga_de_datos/mPrediccionMonthly.py (4094ms)
2024-07-05 07:32:27.581 [info] [Info  - 7:32:27 AM] (2311) [BG(1)] Long operation: analyzing: file:///home/azureuser/carga_de_datos/mPrediccionMonthly.py (4955ms)
