2024-07-07 17:21:08.019 [info] Extension host with pid 4231 started
2024-07-07 17:21:08.019 [error] Error: EEXIST: file already exists, open '/home/azureuser/.vscode-server/data/User/workspaceStorage/177487496fcbaee4b86704bf3ad4a37c/vscode.lock'
2024-07-07 17:21:08.023 [info] Lock '/home/azureuser/.vscode-server/data/User/workspaceStorage/177487496fcbaee4b86704bf3ad4a37c/vscode.lock': Could not acquire lock, checking if the file is stale.
2024-07-07 17:21:08.038 [info] Lock '/home/azureuser/.vscode-server/data/User/workspaceStorage/177487496fcbaee4b86704bf3ad4a37c/vscode.lock': The pid 2226 appears to be gone.
2024-07-07 17:21:08.038 [info] Lock '/home/azureuser/.vscode-server/data/User/workspaceStorage/177487496fcbaee4b86704bf3ad4a37c/vscode.lock': Deleting a stale lock.
2024-07-07 17:21:08.045 [info] Lock '/home/azureuser/.vscode-server/data/User/workspaceStorage/177487496fcbaee4b86704bf3ad4a37c/vscode.lock': Lock acquired.
2024-07-07 17:21:08.258 [info] ExtensionService#_doActivateExtension vscode.tunnel-forwarding, startup: false, activationEvent: 'onTunnel'
2024-07-07 17:21:08.259 [info] ExtensionService#_doActivateExtension vscode.emmet, startup: false, activationEvent: 'onLanguage'
2024-07-07 17:21:08.260 [info] ExtensionService#_doActivateExtension ms-python.python, startup: false, activationEvent: 'onLanguage:python', root cause: ms-python.debugpy
2024-07-07 17:21:09.262 [info] ExtensionService#_doActivateExtension vscode.git-base, startup: true, activationEvent: '*', root cause: vscode.git
2024-07-07 17:21:09.362 [info] ExtensionService#_doActivateExtension ms-python.debugpy, startup: false, activationEvent: 'onLanguage:python'
2024-07-07 17:21:09.363 [info] ExtensionService#_doActivateExtension ms-python.vscode-pylance, startup: false, activationEvent: 'onLanguage:python'
2024-07-07 17:21:09.884 [info] ExtensionService#_doActivateExtension vscode.git, startup: true, activationEvent: '*'
2024-07-07 17:21:09.884 [info] ExtensionService#_doActivateExtension vscode.github, startup: true, activationEvent: '*'
2024-07-07 17:21:10.213 [info] Eager extensions activated
2024-07-07 17:21:10.213 [info] ExtensionService#_doActivateExtension vscode.debug-auto-launch, startup: false, activationEvent: 'onStartupFinished'
2024-07-07 17:21:10.214 [info] ExtensionService#_doActivateExtension vscode.merge-conflict, startup: false, activationEvent: 'onStartupFinished'
2024-07-07 18:43:24.724 [info] Extension host terminating: renderer disconnected for too long (2)
2024-07-07 18:43:24.725 [info] Lock '/home/azureuser/.vscode-server/data/User/workspaceStorage/177487496fcbaee4b86704bf3ad4a37c/vscode.lock': Marking the lockfile as scheduled to be released in 6000 ms.
2024-07-07 18:43:24.749 [error] Canceled: Canceled
	at new I (/home/azureuser/.vscode-server/cli/servers/Stable-ea1445cc7016315d0f5728f8e8b12a45dc0a7286/server/out/vs/workbench/api/node/extensionHostProcess.js:146:34990)
	at S.U (/home/azureuser/.vscode-server/cli/servers/Stable-ea1445cc7016315d0f5728f8e8b12a45dc0a7286/server/out/vs/workbench/api/node/extensionHostProcess.js:153:6023)
	at z.<computed>.F.charCodeAt.T.CharCode.DollarSign.z.<computed> (/home/azureuser/.vscode-server/cli/servers/Stable-ea1445cc7016315d0f5728f8e8b12a45dc0a7286/server/out/vs/workbench/api/node/extensionHostProcess.js:153:3107)
	at f.g (/home/azureuser/.vscode-server/cli/servers/Stable-ea1445cc7016315d0f5728f8e8b12a45dc0a7286/server/out/vs/workbench/api/node/extensionHostProcess.js:156:203861)
	at f.executeCommand (/home/azureuser/.vscode-server/cli/servers/Stable-ea1445cc7016315d0f5728f8e8b12a45dc0a7286/server/out/vs/workbench/api/node/extensionHostProcess.js:156:203299)
	at A.registerCommand.description (/home/azureuser/.vscode-server/cli/servers/Stable-ea1445cc7016315d0f5728f8e8b12a45dc0a7286/server/out/vs/workbench/api/node/extensionHostProcess.js:156:202623)
	at f.h (/home/azureuser/.vscode-server/cli/servers/Stable-ea1445cc7016315d0f5728f8e8b12a45dc0a7286/server/out/vs/workbench/api/node/extensionHostProcess.js:156:204400)
	at f.g (/home/azureuser/.vscode-server/cli/servers/Stable-ea1445cc7016315d0f5728f8e8b12a45dc0a7286/server/out/vs/workbench/api/node/extensionHostProcess.js:156:203392)
	at f.executeCommand (/home/azureuser/.vscode-server/cli/servers/Stable-ea1445cc7016315d0f5728f8e8b12a45dc0a7286/server/out/vs/workbench/api/node/extensionHostProcess.js:156:203299)
	at Object.executeCommand (/home/azureuser/.vscode-server/cli/servers/Stable-ea1445cc7016315d0f5728f8e8b12a45dc0a7286/server/out/vs/workbench/api/node/extensionHostProcess.js:166:23051)
	at n.O [as value] (/home/azureuser/.vscode-server/cli/servers/Stable-ea1445cc7016315d0f5728f8e8b12a45dc0a7286/server/extensions/git/dist/main.js:2:949375)
	at r.B (/home/azureuser/.vscode-server/cli/servers/Stable-ea1445cc7016315d0f5728f8e8b12a45dc0a7286/server/out/vs/workbench/api/node/extensionHostProcess.js:83:737)
	at r.C (/home/azureuser/.vscode-server/cli/servers/Stable-ea1445cc7016315d0f5728f8e8b12a45dc0a7286/server/out/vs/workbench/api/node/extensionHostProcess.js:83:807)
	at r.fire (/home/azureuser/.vscode-server/cli/servers/Stable-ea1445cc7016315d0f5728f8e8b12a45dc0a7286/server/out/vs/workbench/api/node/extensionHostProcess.js:83:1023)
	at Object.p [as dispose] (/home/azureuser/.vscode-server/cli/servers/Stable-ea1445cc7016315d0f5728f8e8b12a45dc0a7286/server/extensions/git/dist/main.js:2:968579)
	at /home/azureuser/.vscode-server/cli/servers/Stable-ea1445cc7016315d0f5728f8e8b12a45dc0a7286/server/extensions/git/dist/main.js:2:974617
	at Array.forEach (<anonymous>)
	at f.dispose (/home/azureuser/.vscode-server/cli/servers/Stable-ea1445cc7016315d0f5728f8e8b12a45dc0a7286/server/extensions/git/dist/main.js:2:974603)
	at c.<anonymous> (/home/azureuser/.vscode-server/cli/servers/Stable-ea1445cc7016315d0f5728f8e8b12a45dc0a7286/server/out/vs/workbench/api/node/extensionHostProcess.js:154:4048)
	at c.dispose (/home/azureuser/.vscode-server/cli/servers/Stable-ea1445cc7016315d0f5728f8e8b12a45dc0a7286/server/out/vs/workbench/api/node/extensionHostProcess.js:154:4145)
	at c.<anonymous> (/home/azureuser/.vscode-server/cli/servers/Stable-ea1445cc7016315d0f5728f8e8b12a45dc0a7286/server/extensions/git/dist/main.js:2:951632)
	at c.dispose (/home/azureuser/.vscode-server/cli/servers/Stable-ea1445cc7016315d0f5728f8e8b12a45dc0a7286/server/out/vs/workbench/api/node/extensionHostProcess.js:154:4145)
	at d (/home/azureuser/.vscode-server/cli/servers/Stable-ea1445cc7016315d0f5728f8e8b12a45dc0a7286/server/out/vs/workbench/api/node/extensionHostProcess.js:30:744)
	at m.eb (/home/azureuser/.vscode-server/cli/servers/Stable-ea1445cc7016315d0f5728f8e8b12a45dc0a7286/server/out/vs/workbench/api/node/extensionHostProcess.js:162:10039)
	at /home/azureuser/.vscode-server/cli/servers/Stable-ea1445cc7016315d0f5728f8e8b12a45dc0a7286/server/out/vs/workbench/api/node/extensionHostProcess.js:162:7915
	at Array.map (<anonymous>)
	at m.$ (/home/azureuser/.vscode-server/cli/servers/Stable-ea1445cc7016315d0f5728f8e8b12a45dc0a7286/server/out/vs/workbench/api/node/extensionHostProcess.js:162:7902)
	at m.terminate (/home/azureuser/.vscode-server/cli/servers/Stable-ea1445cc7016315d0f5728f8e8b12a45dc0a7286/server/out/vs/workbench/api/node/extensionHostProcess.js:162:8175)
	at d.terminate (/home/azureuser/.vscode-server/cli/servers/Stable-ea1445cc7016315d0f5728f8e8b12a45dc0a7286/server/out/vs/workbench/api/node/extensionHostProcess.js:166:1513)
	at i (/home/azureuser/.vscode-server/cli/servers/Stable-ea1445cc7016315d0f5728f8e8b12a45dc0a7286/server/out/vs/workbench/api/node/extensionHostProcess.js:179:10617)
	at F.a (/home/azureuser/.vscode-server/cli/servers/Stable-ea1445cc7016315d0f5728f8e8b12a45dc0a7286/server/out/vs/workbench/api/node/extensionHostProcess.js:179:7285)
	at F.h (/home/azureuser/.vscode-server/cli/servers/Stable-ea1445cc7016315d0f5728f8e8b12a45dc0a7286/server/out/vs/workbench/api/node/extensionHostProcess.js:100:21239)
	at listOnTimeout (node:internal/timers:573:17)
	at process.processTimers (node:internal/timers:514:7) setContext undefined
2024-07-07 18:43:24.750 [error] Canceled: Canceled
	at new I (/home/azureuser/.vscode-server/cli/servers/Stable-ea1445cc7016315d0f5728f8e8b12a45dc0a7286/server/out/vs/workbench/api/node/extensionHostProcess.js:146:34990)
	at S.U (/home/azureuser/.vscode-server/cli/servers/Stable-ea1445cc7016315d0f5728f8e8b12a45dc0a7286/server/out/vs/workbench/api/node/extensionHostProcess.js:153:6023)
	at z.<computed>.F.charCodeAt.T.CharCode.DollarSign.z.<computed> (/home/azureuser/.vscode-server/cli/servers/Stable-ea1445cc7016315d0f5728f8e8b12a45dc0a7286/server/out/vs/workbench/api/node/extensionHostProcess.js:153:3107)
	at f.g (/home/azureuser/.vscode-server/cli/servers/Stable-ea1445cc7016315d0f5728f8e8b12a45dc0a7286/server/out/vs/workbench/api/node/extensionHostProcess.js:156:203861)
	at f.executeCommand (/home/azureuser/.vscode-server/cli/servers/Stable-ea1445cc7016315d0f5728f8e8b12a45dc0a7286/server/out/vs/workbench/api/node/extensionHostProcess.js:156:203299)
	at A.registerCommand.description (/home/azureuser/.vscode-server/cli/servers/Stable-ea1445cc7016315d0f5728f8e8b12a45dc0a7286/server/out/vs/workbench/api/node/extensionHostProcess.js:156:202623)
	at f.h (/home/azureuser/.vscode-server/cli/servers/Stable-ea1445cc7016315d0f5728f8e8b12a45dc0a7286/server/out/vs/workbench/api/node/extensionHostProcess.js:156:204400)
	at f.g (/home/azureuser/.vscode-server/cli/servers/Stable-ea1445cc7016315d0f5728f8e8b12a45dc0a7286/server/out/vs/workbench/api/node/extensionHostProcess.js:156:203392)
	at f.executeCommand (/home/azureuser/.vscode-server/cli/servers/Stable-ea1445cc7016315d0f5728f8e8b12a45dc0a7286/server/out/vs/workbench/api/node/extensionHostProcess.js:156:203299)
	at Object.executeCommand (/home/azureuser/.vscode-server/cli/servers/Stable-ea1445cc7016315d0f5728f8e8b12a45dc0a7286/server/out/vs/workbench/api/node/extensionHostProcess.js:166:23051)
	at set hasGitHubRepositories [as hasGitHubRepositories] (/home/azureuser/.vscode-server/cli/servers/Stable-ea1445cc7016315d0f5728f8e8b12a45dc0a7286/server/extensions/github/dist/extension.js:2:322969)
	at /home/azureuser/.vscode-server/cli/servers/Stable-ea1445cc7016315d0f5728f8e8b12a45dc0a7286/server/extensions/github/dist/extension.js:2:323928
	at n.value (/home/azureuser/.vscode-server/cli/servers/Stable-ea1445cc7016315d0f5728f8e8b12a45dc0a7286/server/extensions/git/dist/main.js:2:1055117)
	at r.B (/home/azureuser/.vscode-server/cli/servers/Stable-ea1445cc7016315d0f5728f8e8b12a45dc0a7286/server/out/vs/workbench/api/node/extensionHostProcess.js:83:737)
	at r.C (/home/azureuser/.vscode-server/cli/servers/Stable-ea1445cc7016315d0f5728f8e8b12a45dc0a7286/server/out/vs/workbench/api/node/extensionHostProcess.js:83:807)
	at r.fire (/home/azureuser/.vscode-server/cli/servers/Stable-ea1445cc7016315d0f5728f8e8b12a45dc0a7286/server/out/vs/workbench/api/node/extensionHostProcess.js:83:1023)
	at Object.p [as dispose] (/home/azureuser/.vscode-server/cli/servers/Stable-ea1445cc7016315d0f5728f8e8b12a45dc0a7286/server/extensions/git/dist/main.js:2:968579)
	at /home/azureuser/.vscode-server/cli/servers/Stable-ea1445cc7016315d0f5728f8e8b12a45dc0a7286/server/extensions/git/dist/main.js:2:974617
	at Array.forEach (<anonymous>)
	at f.dispose (/home/azureuser/.vscode-server/cli/servers/Stable-ea1445cc7016315d0f5728f8e8b12a45dc0a7286/server/extensions/git/dist/main.js:2:974603)
	at c.<anonymous> (/home/azureuser/.vscode-server/cli/servers/Stable-ea1445cc7016315d0f5728f8e8b12a45dc0a7286/server/out/vs/workbench/api/node/extensionHostProcess.js:154:4048)
	at c.dispose (/home/azureuser/.vscode-server/cli/servers/Stable-ea1445cc7016315d0f5728f8e8b12a45dc0a7286/server/out/vs/workbench/api/node/extensionHostProcess.js:154:4145)
	at c.<anonymous> (/home/azureuser/.vscode-server/cli/servers/Stable-ea1445cc7016315d0f5728f8e8b12a45dc0a7286/server/extensions/git/dist/main.js:2:951632)
	at c.dispose (/home/azureuser/.vscode-server/cli/servers/Stable-ea1445cc7016315d0f5728f8e8b12a45dc0a7286/server/out/vs/workbench/api/node/extensionHostProcess.js:154:4145)
	at d (/home/azureuser/.vscode-server/cli/servers/Stable-ea1445cc7016315d0f5728f8e8b12a45dc0a7286/server/out/vs/workbench/api/node/extensionHostProcess.js:30:744)
	at m.eb (/home/azureuser/.vscode-server/cli/servers/Stable-ea1445cc7016315d0f5728f8e8b12a45dc0a7286/server/out/vs/workbench/api/node/extensionHostProcess.js:162:10039)
	at /home/azureuser/.vscode-server/cli/servers/Stable-ea1445cc7016315d0f5728f8e8b12a45dc0a7286/server/out/vs/workbench/api/node/extensionHostProcess.js:162:7915
	at Array.map (<anonymous>)
	at m.$ (/home/azureuser/.vscode-server/cli/servers/Stable-ea1445cc7016315d0f5728f8e8b12a45dc0a7286/server/out/vs/workbench/api/node/extensionHostProcess.js:162:7902)
	at m.terminate (/home/azureuser/.vscode-server/cli/servers/Stable-ea1445cc7016315d0f5728f8e8b12a45dc0a7286/server/out/vs/workbench/api/node/extensionHostProcess.js:162:8175)
	at d.terminate (/home/azureuser/.vscode-server/cli/servers/Stable-ea1445cc7016315d0f5728f8e8b12a45dc0a7286/server/out/vs/workbench/api/node/extensionHostProcess.js:166:1513)
	at i (/home/azureuser/.vscode-server/cli/servers/Stable-ea1445cc7016315d0f5728f8e8b12a45dc0a7286/server/out/vs/workbench/api/node/extensionHostProcess.js:179:10617)
	at F.a (/home/azureuser/.vscode-server/cli/servers/Stable-ea1445cc7016315d0f5728f8e8b12a45dc0a7286/server/out/vs/workbench/api/node/extensionHostProcess.js:179:7285)
	at F.h (/home/azureuser/.vscode-server/cli/servers/Stable-ea1445cc7016315d0f5728f8e8b12a45dc0a7286/server/out/vs/workbench/api/node/extensionHostProcess.js:100:21239)
	at listOnTimeout (node:internal/timers:573:17)
	at process.processTimers (node:internal/timers:514:7) setContext undefined
2024-07-07 18:43:24.752 [info] Extension host with pid 4231 exiting with code 0
