2024-07-07 18:15:57.171 [info] Log level: Info
2024-07-07 18:15:57.171 [info] Validating found git in: "git"
2024-07-07 18:15:57.171 [info] Using git "2.25.1" from "git"
2024-07-07 18:15:57.171 [info] > git rev-parse --show-toplevel [5ms]
2024-07-07 18:15:57.171 [info] fatal: not a git repository (or any of the parent directories): .git
2024-07-07 18:15:57.171 [info] > git rev-parse --show-toplevel [1ms]
2024-07-07 18:15:57.171 [info] > git rev-parse --git-dir --git-common-dir [3ms]
2024-07-07 18:15:57.171 [info] Open repository: /home/azureuser
2024-07-07 18:15:57.171 [info] > git config --get commit.template [5ms]
2024-07-07 18:15:57.171 [info] > git for-each-ref --format=%(refname)%00%(upstream:short)%00%(objectname)%00%(upstream:track)%00%(upstream:remotename)%00%(upstream:remoteref) refs/heads/master refs/remotes/master [7ms]
2024-07-07 18:15:57.934 [info] > git check-ignore -v -z --stdin [172ms]
2024-07-07 18:15:58.104 [info] > git ls-files --stage -- /home/azureuser/docker-compose.yaml [77ms]
2024-07-07 18:15:58.269 [info] > git cat-file -s 580ccc48bcd6aa27b8a33744c868df5a02aefe97 [162ms]
2024-07-07 18:15:58.326 [info] > git show --textconv :docker-compose.yaml [302ms]
2024-07-07 18:16:12.903 [info] > git status -z -uall [15742ms]
2024-07-07 18:16:12.924 [info] > git config --get commit.template [4ms]
2024-07-07 18:16:12.926 [info] > git for-each-ref --format=%(refname)%00%(upstream:short)%00%(objectname)%00%(upstream:track)%00%(upstream:remotename)%00%(upstream:remoteref) refs/heads/master refs/remotes/master [2ms]
2024-07-07 18:16:13.624 [info] > git status -z -uall [693ms]
2024-07-07 18:20:39.117 [info] > git config --get commit.template [4ms]
2024-07-07 18:20:39.118 [info] > git for-each-ref --format=%(refname)%00%(upstream:short)%00%(objectname)%00%(upstream:track)%00%(upstream:remotename)%00%(upstream:remoteref) refs/heads/master refs/remotes/master [3ms]
2024-07-07 18:20:39.733 [info] > git status -z -uall [611ms]
2024-07-07 18:20:44.744 [info] > git for-each-ref --format=%(refname)%00%(upstream:short)%00%(objectname)%00%(upstream:track)%00%(upstream:remotename)%00%(upstream:remoteref) refs/heads/master refs/remotes/master [1ms]
2024-07-07 18:20:44.744 [info] > git config --get commit.template [5ms]
2024-07-07 18:20:45.356 [info] > git status -z -uall [610ms]
2024-07-07 18:21:06.789 [info] > git check-ignore -v -z --stdin [29ms]
2024-07-07 18:21:26.190 [info] > git ls-files --stage -- /home/azureuser/docker-compose.yaml [33ms]
2024-07-07 18:21:26.194 [info] > git cat-file -s 580ccc48bcd6aa27b8a33744c868df5a02aefe97 [1ms]
2024-07-07 18:21:26.347 [info] > git show --textconv :docker-compose.yaml [31ms]
2024-07-07 18:21:27.666 [info] > git ls-files --stage -- /home/azureuser/docker-compose.yaml [37ms]
2024-07-07 18:21:27.670 [info] > git cat-file -s 580ccc48bcd6aa27b8a33744c868df5a02aefe97 [1ms]
2024-07-07 18:21:27.808 [info] > git show --textconv :docker-compose.yaml [27ms]
2024-07-07 18:21:29.641 [info] > git ls-files --stage -- /home/azureuser/docker-compose.yaml [32ms]
2024-07-07 18:21:29.645 [info] > git cat-file -s 580ccc48bcd6aa27b8a33744c868df5a02aefe97 [2ms]
2024-07-07 18:21:29.782 [info] > git show --textconv :docker-compose.yaml [23ms]
2024-07-07 18:21:32.902 [info] > git config --get commit.template [3ms]
2024-07-07 18:21:32.903 [info] > git for-each-ref --format=%(refname)%00%(upstream:short)%00%(objectname)%00%(upstream:track)%00%(upstream:remotename)%00%(upstream:remoteref) refs/heads/master refs/remotes/master [1ms]
2024-07-07 18:21:33.162 [info] > git ls-files --stage -- /home/azureuser/docker-compose.yaml [43ms]
2024-07-07 18:21:33.166 [info] > git cat-file -s 580ccc48bcd6aa27b8a33744c868df5a02aefe97 [2ms]
2024-07-07 18:21:33.309 [info] > git show --textconv :docker-compose.yaml [30ms]
2024-07-07 18:21:39.143 [info] > git status -z -uall [6238ms]
2024-07-07 18:21:40.665 [info] > git ls-files --stage -- /home/azureuser/docker-compose.yaml [30ms]
2024-07-07 18:21:40.669 [info] > git cat-file -s 580ccc48bcd6aa27b8a33744c868df5a02aefe97 [2ms]
2024-07-07 18:21:40.809 [info] > git show --textconv :docker-compose.yaml [27ms]
2024-07-07 18:22:21.657 [info] > git ls-files --stage -- /home/azureuser/docker-compose.yaml [33ms]
2024-07-07 18:22:21.662 [info] > git cat-file -s 580ccc48bcd6aa27b8a33744c868df5a02aefe97 [3ms]
2024-07-07 18:22:21.870 [info] > git show --textconv :docker-compose.yaml [26ms]
2024-07-07 18:55:20.525 [info] > git config --get commit.template [3ms]
2024-07-07 18:55:20.526 [info] > git for-each-ref --format=%(refname)%00%(upstream:short)%00%(objectname)%00%(upstream:track)%00%(upstream:remotename)%00%(upstream:remoteref) refs/heads/master refs/remotes/master [1ms]
2024-07-07 18:55:21.184 [info] > git status -z -uall [657ms]
2024-07-07 18:55:26.195 [info] > git config --get commit.template [2ms]
2024-07-07 18:55:26.195 [info] > git for-each-ref --format=%(refname)%00%(upstream:short)%00%(objectname)%00%(upstream:track)%00%(upstream:remotename)%00%(upstream:remoteref) refs/heads/master refs/remotes/master [1ms]
2024-07-07 18:55:26.842 [info] > git status -z -uall [645ms]
2024-07-07 18:55:28.877 [info] > git ls-files --stage -- /home/azureuser/docker-compose.yaml [30ms]
2024-07-07 18:55:28.880 [info] > git cat-file -s 580ccc48bcd6aa27b8a33744c868df5a02aefe97 [1ms]
2024-07-07 18:55:29.029 [info] > git show --textconv :docker-compose.yaml [24ms]
2024-07-07 18:55:31.852 [info] > git config --get commit.template [3ms]
2024-07-07 18:55:31.853 [info] > git for-each-ref --format=%(refname)%00%(upstream:short)%00%(objectname)%00%(upstream:track)%00%(upstream:remotename)%00%(upstream:remoteref) refs/heads/master refs/remotes/master [2ms]
2024-07-07 18:55:32.482 [info] > git status -z -uall [627ms]
2024-07-07 18:55:37.491 [info] > git config --get commit.template [3ms]
2024-07-07 18:55:37.492 [info] > git for-each-ref --format=%(refname)%00%(upstream:short)%00%(objectname)%00%(upstream:track)%00%(upstream:remotename)%00%(upstream:remoteref) refs/heads/master refs/remotes/master [2ms]
2024-07-07 18:55:38.109 [info] > git status -z -uall [616ms]
2024-07-07 18:57:28.834 [info] > git config --get commit.template [2ms]
2024-07-07 18:57:28.834 [info] > git for-each-ref --format=%(refname)%00%(upstream:short)%00%(objectname)%00%(upstream:track)%00%(upstream:remotename)%00%(upstream:remoteref) refs/heads/master refs/remotes/master [1ms]
2024-07-07 18:57:29.461 [info] > git status -z -uall [625ms]
2024-07-07 18:57:30.747 [info] > git ls-files --stage -- /home/azureuser/docker-compose.yaml [29ms]
2024-07-07 18:57:30.751 [info] > git cat-file -s 580ccc48bcd6aa27b8a33744c868df5a02aefe97 [1ms]
2024-07-07 18:57:30.895 [info] > git show --textconv :docker-compose.yaml [27ms]
2024-07-07 19:01:02.795 [info] > git ls-files --stage -- /home/azureuser/docker-compose.yaml [37ms]
2024-07-07 19:01:03.313 [info] > git cat-file -s 580ccc48bcd6aa27b8a33744c868df5a02aefe97 [3ms]
2024-07-07 19:01:03.456 [info] > git show --textconv :docker-compose.yaml [28ms]
2024-07-07 19:01:04.741 [info] > git config --get commit.template [3ms]
2024-07-07 19:01:04.743 [info] > git for-each-ref --format=%(refname)%00%(upstream:short)%00%(objectname)%00%(upstream:track)%00%(upstream:remotename)%00%(upstream:remoteref) refs/heads/master refs/remotes/master [2ms]
2024-07-07 19:01:05.361 [info] > git status -z -uall [616ms]
2024-07-07 19:01:06.114 [info] > git ls-files --stage -- /home/azureuser/docker-compose.yaml [33ms]
2024-07-07 19:01:06.117 [info] > git cat-file -s 580ccc48bcd6aa27b8a33744c868df5a02aefe97 [1ms]
2024-07-07 19:01:06.259 [info] > git show --textconv :docker-compose.yaml [27ms]
2024-07-07 19:01:13.506 [info] > git ls-files --stage -- /home/azureuser/docker-compose.yaml [32ms]
2024-07-07 19:01:13.509 [info] > git cat-file -s 580ccc48bcd6aa27b8a33744c868df5a02aefe97 [1ms]
2024-07-07 19:01:13.688 [info] > git show --textconv :docker-compose.yaml [29ms]
2024-07-07 19:01:17.190 [info] > git ls-files --stage -- /home/azureuser/docker-compose.yaml [42ms]
2024-07-07 19:01:17.194 [info] > git cat-file -s 580ccc48bcd6aa27b8a33744c868df5a02aefe97 [2ms]
2024-07-07 19:01:17.340 [info] > git show --textconv :docker-compose.yaml [33ms]
2024-07-07 19:06:17.936 [info] > git config --get commit.template [3ms]
2024-07-07 19:06:17.937 [info] > git for-each-ref --format=%(refname)%00%(upstream:short)%00%(objectname)%00%(upstream:track)%00%(upstream:remotename)%00%(upstream:remoteref) refs/heads/master refs/remotes/master [2ms]
2024-07-07 19:06:18.546 [info] > git status -z -uall [608ms]
2024-07-07 19:07:33.871 [info] > git check-ignore -v -z --stdin [55ms]
2024-07-07 19:07:34.796 [info] > git check-ignore -v -z --stdin [55ms]
2024-07-07 19:22:11.071 [info] No remotes found in the git config file.
2024-07-07 19:22:11.072 [info] > git for-each-ref --format=%(refname)%00%(upstream:short)%00%(objectname)%00%(upstream:track)%00%(upstream:remotename)%00%(upstream:remoteref) refs/heads/master refs/remotes/master [1ms]
2024-07-07 19:22:11.073 [warning] No such branch: master.
2024-07-07 19:22:11.074 [info] > git config --get commit.template [5ms]
2024-07-07 19:22:11.997 [info] > git status -z -uall [913ms] (cancelled)
