2024-06-30 15:23:14.987 [info] Log level: Info
2024-06-30 15:23:14.988 [info] Validating found git in: "git"
2024-06-30 15:23:14.988 [info] Using git "2.25.1" from "git"
2024-06-30 15:23:14.988 [info] > git rev-parse --show-toplevel [52ms]
2024-06-30 15:23:14.988 [info] fatal: not a git repository (or any of the parent directories): .git
2024-06-30 15:23:14.988 [info] > git rev-parse --show-toplevel [72ms]
2024-06-30 15:23:14.988 [info] fatal: not a git repository (or any of the parent directories): .git
2024-06-30 15:23:14.989 [info] > git rev-parse --show-toplevel [10ms]
2024-06-30 15:23:14.989 [info] fatal: not a git repository (or any of the parent directories): .git
2024-06-30 15:23:14.993 [info] > git rev-parse --show-toplevel [2ms]
2024-06-30 15:23:14.993 [info] fatal: not a git repository (or any of the parent directories): .git
2024-06-30 15:23:15.042 [info] > git rev-parse --show-toplevel [38ms]
2024-06-30 15:23:15.042 [info] fatal: not a git repository (or any of the parent directories): .git
2024-06-30 15:23:15.048 [info] > git rev-parse --show-toplevel [2ms]
2024-06-30 15:23:15.048 [info] fatal: not a git repository (or any of the parent directories): .git
2024-06-30 15:23:15.052 [info] > git rev-parse --show-toplevel [2ms]
2024-06-30 15:23:15.052 [info] fatal: not a git repository (or any of the parent directories): .git
2024-06-30 15:23:15.055 [info] > git rev-parse --show-toplevel [1ms]
2024-06-30 15:23:15.055 [info] fatal: not a git repository (or any of the parent directories): .git
2024-06-30 15:23:15.059 [info] > git rev-parse --show-toplevel [1ms]
2024-06-30 15:23:15.059 [info] fatal: not a git repository (or any of the parent directories): .git
2024-06-30 15:23:15.062 [info] > git rev-parse --show-toplevel [2ms]
2024-06-30 15:23:15.062 [info] fatal: not a git repository (or any of the parent directories): .git
2024-06-30 15:23:15.065 [info] > git rev-parse --show-toplevel [1ms]
2024-06-30 15:23:15.066 [info] fatal: not a git repository (or any of the parent directories): .git
2024-06-30 15:23:15.069 [info] > git rev-parse --show-toplevel [1ms]
2024-06-30 15:23:15.069 [info] fatal: not a git repository (or any of the parent directories): .git
2024-06-30 15:23:15.074 [info] > git rev-parse --show-toplevel [2ms]
2024-06-30 15:23:15.074 [info] fatal: not a git repository (or any of the parent directories): .git
2024-06-30 15:23:15.077 [info] > git rev-parse --show-toplevel [2ms]
2024-06-30 15:23:15.077 [info] fatal: not a git repository (or any of the parent directories): .git
2024-06-30 15:23:15.080 [info] > git rev-parse --show-toplevel [1ms]
2024-06-30 15:23:15.080 [info] fatal: not a git repository (or any of the parent directories): .git
2024-06-30 15:23:15.083 [info] > git rev-parse --show-toplevel [1ms]
2024-06-30 15:23:15.083 [info] fatal: not a git repository (or any of the parent directories): .git
2024-06-30 15:23:15.087 [info] > git rev-parse --show-toplevel [2ms]
2024-06-30 15:23:15.087 [info] fatal: not a git repository (or any of the parent directories): .git
2024-06-30 15:23:15.090 [info] > git rev-parse --show-toplevel [2ms]
2024-06-30 15:23:15.090 [info] fatal: not a git repository (or any of the parent directories): .git
2024-06-30 15:23:15.094 [info] > git rev-parse --show-toplevel [2ms]
2024-06-30 15:23:15.094 [info] fatal: not a git repository (or any of the parent directories): .git
2024-06-30 15:23:15.097 [info] > git rev-parse --show-toplevel [1ms]
2024-06-30 15:23:15.097 [info] fatal: not a git repository (or any of the parent directories): .git
2024-06-30 15:38:43.287 [info] > git rev-parse --show-toplevel [3ms]
2024-06-30 15:38:43.287 [info] fatal: not a git repository (or any of the parent directories): .git
